<?xml version="1.0" encoding="UTF-8"?>
<!-- Generated by org.testng.reporters.JUnitReportReporter -->
<testsuite hostname="SUBIR" name="com.hybridfw.scripts.TestSignupPage" tests="1" failures="0" timestamp="1 May 2020 16:35:05 GMT" time="5.864" errors="0">
  <testcase name="signup" time="5.864" classname="com.hybridfw.scripts.TestSignupPage"/>
</testsuite> <!-- com.hybridfw.scripts.TestSignupPage -->
