<?xml version="1.0" encoding="UTF-8"?>
<!-- Generated by org.testng.reporters.JUnitReportReporter -->
<testsuite hostname="SUBIR" name="com.hybridfw.scripts.TestLoginPage" tests="1" failures="0" timestamp="1 May 2020 16:34:21 GMT" time="2.381" errors="0">
  <testcase name="signup" time="2.381" classname="com.hybridfw.scripts.TestLoginPage"/>
</testsuite> <!-- com.hybridfw.scripts.TestLoginPage -->
